<?xml version="1.0" encoding="UTF-8"?>
<!-- Generated by org.testng.reporters.JUnitXMLReporter -->
<testsuite hostname="DESKTOP-4PNSGE4" ignored="0" name="HybridFrame Test" tests="2" failures="0" timestamp="19 Mar 2019 06:58:20 GMT" time="30.363" errors="0">
  <testcase name="loginTest" time="2.7" classname="com.hybframe.testCases.TC_LoginTest_001"/>
  <testcase name="addNewCustomer" time="14.342" classname="com.hybframe.testCases.TC_AddCustomerTest_003"/>
</testsuite> <!-- HybridFrame Test -->
