<?xml version="1.0" encoding="UTF-8"?>
<!-- Generated by org.testng.reporters.JUnitXMLReporter -->
<testsuite hostname="DESKTOP-4PNSGE4" ignored="0" name="HybridFrame Test(failed)" tests="5" failures="4" timestamp="14 Mar 2019 08:56:21 GMT" time="24.039" errors="0">
  <testcase name="loginTest" time="1.88" classname="com.hybframe.testCases.TC_LoginTest_001"/>
  <testcase name="loginDDT" time="4.036" classname="com.hybframe.testCases.TC_LoginDDT_002">
    <failure type="java.lang.AssertionError" message="expected [true] but found [false]">
      <![CDATA[java.lang.AssertionError: expected [true] but found [false]
at com.hybframe.testCases.TC_LoginDDT_002.loginDDT(TC_LoginDDT_002.java:34)
... Removed 29 stack frames]]>
    </failure>
  </testcase> <!-- loginDDT -->
  <testcase name="loginDDT" time="1.973" classname="com.hybframe.testCases.TC_LoginDDT_002">
    <failure type="java.lang.AssertionError" message="expected [true] but found [false]">
      <![CDATA[java.lang.AssertionError: expected [true] but found [false]
at com.hybframe.testCases.TC_LoginDDT_002.loginDDT(TC_LoginDDT_002.java:34)
... Removed 29 stack frames]]>
    </failure>
  </testcase> <!-- loginDDT -->
  <testcase name="loginDDT" time="2.066" classname="com.hybframe.testCases.TC_LoginDDT_002">
    <failure type="java.lang.AssertionError" message="expected [true] but found [false]">
      <![CDATA[java.lang.AssertionError: expected [true] but found [false]
at com.hybframe.testCases.TC_LoginDDT_002.loginDDT(TC_LoginDDT_002.java:34)
... Removed 29 stack frames]]>
    </failure>
  </testcase> <!-- loginDDT -->
  <testcase name="loginDDT" time="1.856" classname="com.hybframe.testCases.TC_LoginDDT_002">
    <failure type="java.lang.AssertionError" message="expected [true] but found [false]">
      <![CDATA[java.lang.AssertionError: expected [true] but found [false]
at com.hybframe.testCases.TC_LoginDDT_002.loginDDT(TC_LoginDDT_002.java:34)
... Removed 29 stack frames]]>
    </failure>
  </testcase> <!-- loginDDT -->
</testsuite> <!-- HybridFrame Test(failed) -->
