<?xml version="1.0" encoding="UTF-8"?>
<testsuite name="TestSuite" time="17.503" tests="7" errors="0" skipped="0" failures="5">
  <properties>
[...]
</properties>
  <testcase name="loginTest" classname="com.hybframe.testCases.TC_LoginTest" time="2.136"/>
  <testcase name="loginDDT" classname="com.hybframe.testCases.TC_LoginDDT_002" time="1.726">
    <failure message="expected [true] but found [false]" type="java.lang.AssertionError">java.lang.AssertionError: expected [true] but found [false]
	at org.testng.Assert.fail(Assert.java:96)
	at org.testng.Assert.failNotEquals(Assert.java:776)
	at org.testng.Assert.assertTrue(Assert.java:44)
	at org.testng.Assert.assertTrue(Assert.java:54)
	at com.hybframe.testCases.TC_LoginDDT_002.loginDDT(TC_LoginDDT_002.java:34)
</failure>
    <system-out><![CDATA[7945 [main] INFO hybframe  - Username Provided
7945 [main] INFO hybframe  - Username Provided
7997 [main] INFO hybframe  - Password Provided
7997 [main] INFO hybframe  - Password Provided
8285 [main] INFO hybframe  - Click on Submit
8285 [main] INFO hybframe  - Click on Submit
Screenshot Taken
]]></system-out>
    <system-err><![CDATA[Starting ChromeDriver 2.45.615291 (ec3682e3c9061c10f26ea9e5cdcf3c53f3f74387) on port 18278
Only local connections are allowed.
Apr 05, 2019 5:23:26 PM org.openqa.selenium.remote.ProtocolHandshake createSession
INFO: Detected dialect: OSS
]]></system-err>
  </testcase>
  <testcase name="loginDDT" classname="com.hybframe.testCases.TC_LoginDDT_002" time="1.922">
    <failure message="expected [true] but found [false]" type="java.lang.AssertionError">java.lang.AssertionError: expected [true] but found [false]
	at org.testng.Assert.fail(Assert.java:96)
	at org.testng.Assert.failNotEquals(Assert.java:776)
	at org.testng.Assert.assertTrue(Assert.java:44)
	at org.testng.Assert.assertTrue(Assert.java:54)
	at com.hybframe.testCases.TC_LoginDDT_002.loginDDT(TC_LoginDDT_002.java:34)
</failure>
    <system-out><![CDATA[9671 [main] INFO hybframe  - Username Provided
9671 [main] INFO hybframe  - Username Provided
9720 [main] INFO hybframe  - Password Provided
9720 [main] INFO hybframe  - Password Provided
10122 [main] INFO hybframe  - Click on Submit
10122 [main] INFO hybframe  - Click on Submit
Screenshot Taken
]]></system-out>
  </testcase>
  <testcase name="loginDDT" classname="com.hybframe.testCases.TC_LoginDDT_002" time="2.317">
    <failure message="expected [true] but found [false]" type="java.lang.AssertionError">java.lang.AssertionError: expected [true] but found [false]
	at org.testng.Assert.fail(Assert.java:96)
	at org.testng.Assert.failNotEquals(Assert.java:776)
	at org.testng.Assert.assertTrue(Assert.java:44)
	at org.testng.Assert.assertTrue(Assert.java:54)
	at com.hybframe.testCases.TC_LoginDDT_002.loginDDT(TC_LoginDDT_002.java:34)
</failure>
    <system-out><![CDATA[11585 [main] INFO hybframe  - Username Provided
11585 [main] INFO hybframe  - Username Provided
11635 [main] INFO hybframe  - Password Provided
11635 [main] INFO hybframe  - Password Provided
11926 [main] INFO hybframe  - Click on Submit
11926 [main] INFO hybframe  - Click on Submit
Screenshot Taken
]]></system-out>
  </testcase>
  <testcase name="loginDDT" classname="com.hybframe.testCases.TC_LoginDDT_002" time="1.571">
    <failure message="expected [true] but found [false]" type="java.lang.AssertionError">java.lang.AssertionError: expected [true] but found [false]
	at org.testng.Assert.fail(Assert.java:96)
	at org.testng.Assert.failNotEquals(Assert.java:776)
	at org.testng.Assert.assertTrue(Assert.java:44)
	at org.testng.Assert.assertTrue(Assert.java:54)
	at com.hybframe.testCases.TC_LoginDDT_002.loginDDT(TC_LoginDDT_002.java:34)
</failure>
    <system-out><![CDATA[13902 [main] INFO hybframe  - Username Provided
13902 [main] INFO hybframe  - Username Provided
13952 [main] INFO hybframe  - Password Provided
13952 [main] INFO hybframe  - Password Provided
14234 [main] INFO hybframe  - Click on Submit
14234 [main] INFO hybframe  - Click on Submit
Screenshot Taken
]]></system-out>
  </testcase>
  <testcase name="loginDDT" classname="com.hybframe.testCases.TC_LoginDDT_002" time="1.785">
    <failure message="expected [true] but found [false]" type="java.lang.AssertionError">java.lang.AssertionError: expected [true] but found [false]
	at org.testng.Assert.fail(Assert.java:96)
	at org.testng.Assert.failNotEquals(Assert.java:776)
	at org.testng.Assert.assertTrue(Assert.java:44)
	at org.testng.Assert.assertTrue(Assert.java:54)
	at com.hybframe.testCases.TC_LoginDDT_002.loginDDT(TC_LoginDDT_002.java:34)
</failure>
    <system-out><![CDATA[15480 [main] INFO hybframe  - Username Provided
15480 [main] INFO hybframe  - Username Provided
15531 [main] INFO hybframe  - Password Provided
15531 [main] INFO hybframe  - Password Provided
15814 [main] INFO hybframe  - Click on Submit
15814 [main] INFO hybframe  - Click on Submit
Screenshot Taken
]]></system-out>
  </testcase>
  <testcase name="addNewCustomer" classname="com.hybframe.testCases.TC_AddCustomerTest_003" time="13.641"/>
</testsuite>