<?xml version="1.0" encoding="UTF-8"?>
<testng-results skipped="0" failed="0" ignored="0" total="2" passed="2">
  <reporter-output>
  </reporter-output>
  <suite name="HybridFrameWorkV1" duration-ms="26528" started-at="2019-05-10T04:36:02Z" finished-at="2019-05-10T04:36:28Z">
    <groups>
    </groups>
    <test name="HybridFrame Test" duration-ms="26528" started-at="2019-05-10T04:36:02Z" finished-at="2019-05-10T04:36:28Z">
      <class name="com.hybframe.testCases.TC_AddCustomerTest_003">
        <test-method status="PASS" signature="setup(java.lang.String)[pri:0, instance:com.hybframe.testCases.TC_AddCustomerTest_003@edf4efb]" name="setup" is-config="true" duration-ms="4779" started-at="2019-05-10T04:36:09Z" finished-at="2019-05-10T04:36:14Z">
          <params>
            <param index="0">
              <value>
                <![CDATA[chrome]]>
              </value>
            </param>
          </params>
          <reporter-output>
          </reporter-output>
        </test-method> <!-- setup -->
        <test-method status="PASS" signature="addNewCustomer()[pri:0, instance:com.hybframe.testCases.TC_AddCustomerTest_003@edf4efb]" name="addNewCustomer" duration-ms="13672" started-at="2019-05-10T04:36:14Z" finished-at="2019-05-10T04:36:28Z">
          <reporter-output>
          </reporter-output>
        </test-method> <!-- addNewCustomer -->
        <test-method status="PASS" signature="tearDown()[pri:0, instance:com.hybframe.testCases.TC_AddCustomerTest_003@edf4efb]" name="tearDown" is-config="true" duration-ms="616" started-at="2019-05-10T04:36:28Z" finished-at="2019-05-10T04:36:28Z">
          <reporter-output>
          </reporter-output>
        </test-method> <!-- tearDown -->
      </class> <!-- com.hybframe.testCases.TC_AddCustomerTest_003 -->
      <class name="com.hybframe.testCases.TC_LoginTest">
        <test-method status="PASS" signature="setup(java.lang.String)[pri:0, instance:com.hybframe.testCases.TC_LoginTest@7f690630]" name="setup" is-config="true" duration-ms="5425" started-at="2019-05-10T04:36:02Z" finished-at="2019-05-10T04:36:08Z">
          <params>
            <param index="0">
              <value>
                <![CDATA[chrome]]>
              </value>
            </param>
          </params>
          <reporter-output>
          </reporter-output>
        </test-method> <!-- setup -->
        <test-method status="PASS" signature="loginTest()[pri:0, instance:com.hybframe.testCases.TC_LoginTest@7f690630]" name="loginTest" duration-ms="1262" started-at="2019-05-10T04:36:08Z" finished-at="2019-05-10T04:36:09Z">
          <reporter-output>
          </reporter-output>
        </test-method> <!-- loginTest -->
        <test-method status="PASS" signature="tearDown()[pri:0, instance:com.hybframe.testCases.TC_LoginTest@7f690630]" name="tearDown" is-config="true" duration-ms="614" started-at="2019-05-10T04:36:09Z" finished-at="2019-05-10T04:36:09Z">
          <reporter-output>
          </reporter-output>
        </test-method> <!-- tearDown -->
      </class> <!-- com.hybframe.testCases.TC_LoginTest -->
    </test> <!-- HybridFrame Test -->
  </suite> <!-- HybridFrameWorkV1 -->
</testng-results>
